BUILD: Computing Include file dependencies:
BUILD: Examining d:\project\test\mydrv directory for files to compile.
Compiling d:\project\test\mydrv directory ********************
'nmake.exe /c BUILDMSG=Stop. -i NTTEST= UMTEST= NOLINK=1 NOPASS0=1 386=1'
    rc -l 409 -DSXS_ASSEMBLY_NAME=""""""  -DSXS_ASSEMBLY_VERSION=""""""  -DSXS_ASSEMBLY_LANGUAGE=""""""  -DSXS_PROCESSOR_ARCHITECTURE="""x86"""  -DSXS_TARGET="""MyDrv.sys"""   -DSYSTEM_COMPATIBLE_ASSEMBLY_NAME="""Microsoft.Windows.SystemCompatible"""  -DLSYSTEM_COMPATIBLE_ASSEMBLY_NAME=L"""Microsoft.Windows.SystemCompatible"""   -z "MS Sans Serif,Helv/MS Shell Dlg"  -r -fo objfre\i386\mydrv.tmp -D_X86_=1 -Di386=1  -DSTD_CALL -DCONDITION_HANDLING=1   -DNT_INST=0 -DWIN32=100 -D_NT1X_=100 -DWINNT=1 -D_WIN32_WINNT=0x0501 /DWINVER=0x0501 -D_WIN32_IE=0x0600    -DWIN32_LEAN_AND_MEAN=1 -DDEVL=1 -D__BUILDMACHINE__=WinDDK -DFPO=1  -DNDEBUG -D_DLL=1    -Iobjfre\i386 -Id:\rnd\ms\xpddk\inc\wxp -Id:\rnd\ms\xpddk\inc\wxp -Id:\rnd\ms\xpddk\inc\ddk\wxp -Id:\rnd\ms\xpddk\inc\ddk\wdm\wxp -Id:\rnd\ms\xpddk\inc\crt .\mydrv.rc


cl -nologo -Ii386\ -I. -Iobjfre\i386 -Id:\rnd\ms\xpddk\inc\wxp -Id:\rnd\ms\xpddk\inc\wxp -Id:\rnd\ms\xpddk\inc\ddk\wxp -Id:\rnd\ms\xpddk\inc\ddk\wdm\wxp -Id:\rnd\ms\xpddk\inc\crt -D_X86_=1 -Di386=1  -DSTD_CALL -DCONDITION_HANDLING=1   -DNT_INST=0 -DWIN32=100 -D_NT1X_=100 -DWINNT=1 -D_WIN32_WINNT=0x0501 /DWINVER=0x0501 -D_WIN32_IE=0x0600    -DWIN32_LEAN_AND_MEAN=1 -DDEVL=1 -D__BUILDMACHINE__=WinDDK -DFPO=1  -DNDEBUG -D_DLL=1      /c /Zel /Zp8 /Gy -cbstring /W3 /WX /Gz  /QIfdiv- /QIf /G6 /Gi- /Gm- /GX-  /GR- /GF  -Z7 /Oxs /Oy   -FId:\rnd\ms\xpddk\inc\wxp\warning.h   .\mydrv.c
mydrv.c

Stop.
Linking d:\project\test\mydrv directory ********************
'nmake.exe /c BUILDMSG=Stop. -i LINKONLY=1 NOPASS0=1 NTTEST= UMTEST= 386=1'
	link -out:objfre\i386\MyDrv.sys -machine:ix86 @C:\DOCUME~1\SHKIM~1.SHK\LOCALS~1\Temp\nma02000.
Microsoft (R) Incremental Linker Version 7.00.9210
Copyright (C) Microsoft Corporation.  All rights reserved.

-MERGE:_PAGE=PAGE 
-MERGE:_TEXT=.text 
-SECTION:INIT,d 
-OPT:REF 
-OPT:ICF 
-IGNORE:4010,4037,4039,4065,4070,4078,4087,4089,4198,4221 
-INCREMENTAL:NO 
-FULLBUILD 
/release 
-NODEFAULTLIB 
/WX 
-debug:FULL 
-debugtype:cv 
-version:5.1 
-osversion:5.1 
/opt:nowin98 
-STACK:0x40000,0x1000 
-driver 
-base:0x10000 
-align:0x80 
-subsystem:native,5.1 
-entry:DriverEntry@8 
-out:objfre\i386\MyDrv.sys 
objfre\i386\mydrv.res 
objfre\i386\mydrv.obj 
d:\rnd\ms\xpddk\lib\wxp\i386\ntoskrnl.lib 
d:\rnd\ms\xpddk\lib\wxp\i386\hal.lib 
d:\rnd\ms\xpddk\lib\wxp\i386\wmilib.lib 
Skip Binplace:

Stop.
